<?xml version="1.0" encoding="UTF-8"?>
<testng-results skipped="0" failed="0" ignored="0" total="1" passed="1">
  <reporter-output>
  </reporter-output>
  <suite name="Default suite" duration-ms="14410" started-at="2018-07-30T06:50:49Z" finished-at="2018-07-30T06:51:04Z">
    <groups>
    </groups>
    <test name="Default test" duration-ms="14410" started-at="2018-07-30T06:50:49Z" finished-at="2018-07-30T06:51:04Z">
      <class name="testcases.TC005_DeleteLead">
        <test-method status="PASS" signature="beforeSuite()[pri:0, instance:testcases.TC005_DeleteLead@7740a2]" name="beforeSuite" is-config="true" duration-ms="390" started-at="2018-07-30T06:50:49Z" finished-at="2018-07-30T06:50:49Z">
          <reporter-output>
          </reporter-output>
        </test-method> <!-- beforeSuite -->
        <test-method status="PASS" signature="setData()[pri:0, instance:testcases.TC005_DeleteLead@7740a2]" name="setData" is-config="true" duration-ms="0" started-at="2018-07-30T06:50:49Z" finished-at="2018-07-30T06:50:49Z">
          <reporter-output>
          </reporter-output>
        </test-method> <!-- setData -->
        <test-method status="PASS" signature="beforeClass()[pri:0, instance:testcases.TC005_DeleteLead@7740a2]" name="beforeClass" is-config="true" duration-ms="2" started-at="2018-07-30T06:50:49Z" finished-at="2018-07-30T06:50:49Z">
          <reporter-output>
          </reporter-output>
        </test-method> <!-- beforeClass -->
        <test-method status="PASS" signature="beforeMethod()[pri:0, instance:testcases.TC005_DeleteLead@7740a2]" name="beforeMethod" is-config="true" duration-ms="4763" started-at="2018-07-30T06:50:50Z" finished-at="2018-07-30T06:50:55Z">
          <reporter-output>
          </reporter-output>
        </test-method> <!-- beforeMethod -->
        <test-method status="PASS" signature="createLead(java.lang.String, java.lang.String)[pri:0, instance:testcases.TC005_DeleteLead@7740a2]" name="createLead" duration-ms="8282" started-at="2018-07-30T06:50:55Z" data-provider="fetchData" finished-at="2018-07-30T06:51:03Z">
          <params>
            <param index="0">
              <value>
                <![CDATA[DemoSalesManager]]>
              </value>
            </param>
            <param index="1">
              <value>
                <![CDATA[crmsfa]]>
              </value>
            </param>
          </params>
          <reporter-output>
          </reporter-output>
        </test-method> <!-- createLead -->
        <test-method status="PASS" signature="afterMethod()[pri:0, instance:testcases.TC005_DeleteLead@7740a2]" name="afterMethod" is-config="true" duration-ms="805" started-at="2018-07-30T06:51:03Z" finished-at="2018-07-30T06:51:04Z">
          <reporter-output>
          </reporter-output>
        </test-method> <!-- afterMethod -->
        <test-method status="PASS" signature="afterSuite()[pri:0, instance:testcases.TC005_DeleteLead@7740a2]" name="afterSuite" is-config="true" duration-ms="326" started-at="2018-07-30T06:51:04Z" finished-at="2018-07-30T06:51:04Z">
          <reporter-output>
          </reporter-output>
        </test-method> <!-- afterSuite -->
      </class> <!-- testcases.TC005_DeleteLead -->
    </test> <!-- Default test -->
  </suite> <!-- Default suite -->
</testng-results>
